<?xml version="1.0" encoding="UTF-8"?>
<testng-results skipped="0" failed="0" total="2" passed="2">
  <reporter-output>
  </reporter-output>
  <suite name="Default suite" duration-ms="37" started-at="2019-04-13T00:02:05Z" finished-at="2019-04-13T00:02:05Z">
    <groups>
    </groups>
    <test name="Default test" duration-ms="37" started-at="2019-04-13T00:02:05Z" finished-at="2019-04-13T00:02:05Z">
      <class name="Testng_testcases.Testng_testcases">
        <test-method status="PASS" signature="beforeTest()[pri:0, instance:Testng_testcases.Testng_testcases@548b7f67]" name="beforeTest" is-config="true" duration-ms="7" started-at="2019-04-12T20:02:05Z" finished-at="2019-04-12T20:02:05Z">
          <reporter-output>
          </reporter-output>
        </test-method> <!-- beforeTest -->
        <test-method status="PASS" signature="beforeMethod()[pri:0, instance:Testng_testcases.Testng_testcases@548b7f67]" name="beforeMethod" is-config="true" duration-ms="3" started-at="2019-04-12T20:02:05Z" finished-at="2019-04-12T20:02:05Z">
          <reporter-output>
          </reporter-output>
        </test-method> <!-- beforeMethod -->
        <test-method status="PASS" signature="login()[pri:0, instance:Testng_testcases.Testng_testcases@548b7f67]" name="login" duration-ms="6" started-at="2019-04-12T20:02:05Z" finished-at="2019-04-12T20:02:05Z">
          <reporter-output>
          </reporter-output>
        </test-method> <!-- login -->
        <test-method status="PASS" signature="afterMethod()[pri:0, instance:Testng_testcases.Testng_testcases@548b7f67]" name="afterMethod" is-config="true" duration-ms="0" started-at="2019-04-12T20:02:05Z" finished-at="2019-04-12T20:02:05Z">
          <reporter-output>
          </reporter-output>
        </test-method> <!-- afterMethod -->
        <test-method status="PASS" signature="beforeMethod()[pri:0, instance:Testng_testcases.Testng_testcases@548b7f67]" name="beforeMethod" is-config="true" duration-ms="0" started-at="2019-04-12T20:02:05Z" finished-at="2019-04-12T20:02:05Z">
          <reporter-output>
          </reporter-output>
        </test-method> <!-- beforeMethod -->
        <test-method status="PASS" signature="logoff()[pri:0, instance:Testng_testcases.Testng_testcases@548b7f67]" name="logoff" duration-ms="2" started-at="2019-04-12T20:02:05Z" finished-at="2019-04-12T20:02:05Z">
          <reporter-output>
          </reporter-output>
        </test-method> <!-- logoff -->
        <test-method status="PASS" signature="afterMethod()[pri:0, instance:Testng_testcases.Testng_testcases@548b7f67]" name="afterMethod" is-config="true" duration-ms="1" started-at="2019-04-12T20:02:05Z" finished-at="2019-04-12T20:02:05Z">
          <reporter-output>
          </reporter-output>
        </test-method> <!-- afterMethod -->
        <test-method status="PASS" signature="afterTest()[pri:0, instance:Testng_testcases.Testng_testcases@548b7f67]" name="afterTest" is-config="true" duration-ms="0" started-at="2019-04-12T20:02:05Z" finished-at="2019-04-12T20:02:05Z">
          <reporter-output>
          </reporter-output>
        </test-method> <!-- afterTest -->
      </class> <!-- Testng_testcases.Testng_testcases -->
    </test> <!-- Default test -->
  </suite> <!-- Default suite -->
</testng-results>
